<?xml version="1.0" encoding="UTF-8"?>
<testsuite name="warmup.SplitArraysTests" tests="3" skipped="0" failures="0" errors="0" timestamp="2024-09-05T18:23:20" hostname="LAPTOP-68J58FIR" time="0.013">
  <properties/>
  <testcase name="split0" classname="warmup.SplitArraysTests" time="0.008"/>
  <testcase name="split1" classname="warmup.SplitArraysTests" time="0.002"/>
  <testcase name="split2" classname="warmup.SplitArraysTests" time="0.002"/>
  <system-out><![CDATA[]]></system-out>
  <system-err><![CDATA[]]></system-err>
</testsuite>
