<?xml version="1.0" encoding="UTF-8"?>
<testsuite name="warmup.AllTests" tests="0" skipped="0" failures="0" errors="0" timestamp="1970-01-01T00:00:00" hostname="LAPTOP-68J58FIR" time="0.0">
  <properties/>
  <system-out><![CDATA[You got 42/42 points!
Your base grade for exercise 1 will be : 7.00
]]></system-out>
  <system-err><![CDATA[]]></system-err>
</testsuite>
