<?xml version="1.0" encoding="UTF-8"?>
<testsuite name="warmup.WordCountTests" tests="3" skipped="0" failures="0" errors="0" timestamp="2024-09-05T18:23:20" hostname="LAPTOP-68J58FIR" time="0.015">
  <properties/>
  <testcase name="wordcount0" classname="warmup.WordCountTests" time="0.007"/>
  <testcase name="wordcount1" classname="warmup.WordCountTests" time="0.004"/>
  <testcase name="wordcount2" classname="warmup.WordCountTests" time="0.002"/>
  <system-out><![CDATA[]]></system-out>
  <system-err><![CDATA[]]></system-err>
</testsuite>
