<?xml version="1.0" encoding="UTF-8"?>
<testsuite name="warmup.EloScoresTests" tests="4" skipped="0" failures="0" errors="0" timestamp="2024-09-05T18:23:20" hostname="LAPTOP-68J58FIR" time="0.031">
  <properties/>
  <testcase name="elo1" classname="warmup.EloScoresTests" time="0.016"/>
  <testcase name="elo2" classname="warmup.EloScoresTests" time="0.004"/>
  <testcase name="elo3" classname="warmup.EloScoresTests" time="0.005"/>
  <testcase name="elo4" classname="warmup.EloScoresTests" time="0.002"/>
  <system-out><![CDATA[]]></system-out>
  <system-err><![CDATA[]]></system-err>
</testsuite>
