<?xml version="1.0" encoding="UTF-8"?>
<testsuite name="warmup.MergeSortTests" tests="3" skipped="0" failures="0" errors="0" timestamp="2024-09-05T18:23:20" hostname="LAPTOP-68J58FIR" time="0.014">
  <properties/>
  <testcase name="mergesort0" classname="warmup.MergeSortTests" time="0.005"/>
  <testcase name="mergesort1" classname="warmup.MergeSortTests" time="0.001"/>
  <testcase name="mergesort2" classname="warmup.MergeSortTests" time="0.005"/>
  <system-out><![CDATA[]]></system-out>
  <system-err><![CDATA[]]></system-err>
</testsuite>
