<?xml version="1.0" encoding="UTF-8"?>
<testsuite name="warmup.DiamondStringTests" tests="4" skipped="0" failures="0" errors="0" timestamp="2024-09-02T11:41:55" hostname="LAPTOP-68J58FIR" time="0.083">
  <properties/>
  <testcase name="diamond3" classname="warmup.DiamondStringTests" time="0.072"/>
  <testcase name="diamond4" classname="warmup.DiamondStringTests" time="0.002"/>
  <testcase name="diamond7" classname="warmup.DiamondStringTests" time="0.002"/>
  <testcase name="diamond12" classname="warmup.DiamondStringTests" time="0.003"/>
  <system-out><![CDATA[]]></system-out>
  <system-err><![CDATA[]]></system-err>
</testsuite>
